STAR version=2.7.0f
STAR compilation time,server,dir=Thu Mar 28 16:14:02 EDT 2019 vega:/home/dobin/data/STAR/STARcode/STAR.master/source
##### DEFAULT parameters:
versionGenome                     2.7.0d
parametersFiles                   -   
sysShell                          -
runMode                           alignReads
runThreadN                        1
runDirPerm                        User_RWX
runRNGseed                        777
genomeDir                         ./GenomeDir/
genomeLoad                        NoSharedMemory
genomeFastaFiles                  -   
genomeChainFiles                  -   
genomeSAindexNbases               14
genomeChrBinNbits                 18
genomeSAsparseD                   1
genomeSuffixLengthMax             18446744073709551615
genomeFileSizes                   0   
genomeConsensusFile               -
readFilesType                     Fastx   
readFilesIn                       Read1   Read2   
readFilesPrefix                   -
readFilesCommand                  -   
readMatesLengthsIn                NotEqual
readMapNumber                     18446744073709551615
readNameSeparator                 /   
inputBAMfile                      -
bamRemoveDuplicatesType           -
bamRemoveDuplicatesMate2basesN    0
limitGenomeGenerateRAM            31000000000
limitIObufferSize                 150000000
limitOutSAMoneReadBytes           100000
limitOutSJcollapsed               1000000
limitOutSJoneRead                 1000
limitBAMsortRAM                   0
limitSjdbInsertNsj                1000000
limitNreadsSoft                   18446744073709551615
outFileNamePrefix                 ./
outTmpDir                         -
outTmpKeep                        None
outStd                            Log
outReadsUnmapped                  None
outQSconversionAdd                0
outMultimapperOrder               Old_2.4
outSAMtype                        SAM   
outSAMmode                        Full
outSAMstrandField                 None
outSAMattributes                  Standard   
outSAMunmapped                    None   
outSAMorder                       Paired
outSAMprimaryFlag                 OneBestScore
outSAMreadID                      Standard
outSAMmapqUnique                  255
outSAMflagOR                      0
outSAMflagAND                     65535
outSAMattrRGline                  -   
outSAMheaderHD                    -   
outSAMheaderPG                    -   
outSAMheaderCommentFile           -
outBAMcompression                 1
outBAMsortingThreadN              0
outBAMsortingBinsN                50
outSAMfilter                      None   
outSAMmultNmax                    18446744073709551615
outSAMattrIHstart                 1
outSAMtlen                        1
outSJfilterReads                  All
outSJfilterCountUniqueMin         3   1   1   1   
outSJfilterCountTotalMin          3   1   1   1   
outSJfilterOverhangMin            30   12   12   12   
outSJfilterDistToOtherSJmin       10   0   5   10   
outSJfilterIntronMaxVsReadN       50000   100000   200000   
outWigType                        None   
outWigStrand                      Stranded   
outWigReferencesPrefix            -
outWigNorm                        RPM   
outFilterType                     Normal
outFilterMultimapNmax             10
outFilterMultimapScoreRange       1
outFilterScoreMin                 0
outFilterScoreMinOverLread        0.66
outFilterMatchNmin                0
outFilterMatchNminOverLread       0.66
outFilterMismatchNmax             10
outFilterMismatchNoverLmax        0.3
outFilterMismatchNoverReadLmax    1
outFilterIntronMotifs             None
outFilterIntronStrands            RemoveInconsistentStrands
clip5pNbases                      0   
clip3pNbases                      0   
clip3pAfterAdapterNbases          0   
clip3pAdapterSeq                  -   
clip3pAdapterMMp                  0.1   
winBinNbits                       16
winAnchorDistNbins                9
winFlankNbins                     4
winAnchorMultimapNmax             50
winReadCoverageRelativeMin        0.5
winReadCoverageBasesMin           0
scoreGap                          0
scoreGapNoncan                    -8
scoreGapGCAG                      -4
scoreGapATAC                      -8
scoreStitchSJshift                1
scoreGenomicLengthLog2scale       -0.25
scoreDelBase                      -2
scoreDelOpen                      -2
scoreInsOpen                      -2
scoreInsBase                      -2
seedSearchLmax                    0
seedSearchStartLmax               50
seedSearchStartLmaxOverLread      1
seedPerReadNmax                   1000
seedPerWindowNmax                 50
seedNoneLociPerWindow             10
seedMultimapNmax                  10000
seedSplitMin                      12
alignIntronMin                    21
alignIntronMax                    0
alignMatesGapMax                  0
alignTranscriptsPerReadNmax       10000
alignSJoverhangMin                5
alignSJDBoverhangMin              3
alignSJstitchMismatchNmax         0   -1   0   0   
alignSplicedMateMapLmin           0
alignSplicedMateMapLminOverLmate    0.66
alignWindowsPerReadNmax           10000
alignTranscriptsPerWindowNmax     100
alignEndsType                     Local
alignSoftClipAtReferenceEnds      Yes
alignEndsProtrude                 0   ConcordantPair   
alignInsertionFlush               None
peOverlapNbasesMin                0
peOverlapMMp                      0.01
chimSegmentMin                    0
chimScoreMin                      0
chimScoreDropMax                  20
chimScoreSeparation               10
chimScoreJunctionNonGTAG          -1
chimMainSegmentMultNmax           10
chimJunctionOverhangMin           20
chimOutType                       Junctions   
chimFilter                        banGenomicN   
chimSegmentReadGapMax             0
chimMultimapNmax                  0
chimMultimapScoreRange            1
chimNonchimScoreDropMin           20
chimOutJunctionFormat             0   
sjdbFileChrStartEnd               -   
sjdbGTFfile                       -
sjdbGTFchrPrefix                  -
sjdbGTFfeatureExon                exon
sjdbGTFtagExonParentTranscript    transcript_id
sjdbGTFtagExonParentGene          gene_id
sjdbOverhang                      100
sjdbScore                         2
sjdbInsertSave                    Basic
varVCFfile                        -
waspOutputMode                    None
quantMode                         -   
quantTranscriptomeBAMcompression    1
quantTranscriptomeBan             IndelSoftclipSingleend
twopass1readsN                    18446744073709551615
twopassMode                       None
soloType                          None
soloCBstart                       1
soloUMIstart                      17
soloCBlen                         16
soloUMIlen                        10
soloBarcodeReadLength             1
soloCBwhitelist                   -
soloStrand                        Forward
soloOutFileNames                  Solo.out/   genes.tsv   barcodes.tsv   matrix.mtx   matrixSJ.mtx   
soloFeatures                      Gene   
soloUMIdedup                      1MM_All   
##### Command Line:
STAR --runThreadN 4 --runMode genomeGenerate --genomeDir ./genome/STAR --genomeFastaFiles ./genome/GRCh38.primary_assembly.genome.fa --sjdbGTFfile ./genome/gencode.v48.annotation.gtf
##### Initial USER parameters from Command Line:
###### All USER parameters from Command Line:
runThreadN                    4     ~RE-DEFINED
runMode                       genomeGenerate     ~RE-DEFINED
genomeDir                     ./genome/STAR     ~RE-DEFINED
genomeFastaFiles              ./genome/GRCh38.primary_assembly.genome.fa        ~RE-DEFINED
sjdbGTFfile                   ./genome/gencode.v48.annotation.gtf     ~RE-DEFINED
##### Finished reading parameters from all sources

##### Final user re-defined parameters-----------------:
runMode                           genomeGenerate
runThreadN                        4
genomeDir                         ./genome/STAR
genomeFastaFiles                  ./genome/GRCh38.primary_assembly.genome.fa   
sjdbGTFfile                       ./genome/gencode.v48.annotation.gtf

-------------------------------
##### Final effective command line:
STAR   --runMode genomeGenerate   --runThreadN 4   --genomeDir ./genome/STAR   --genomeFastaFiles ./genome/GRCh38.primary_assembly.genome.fa      --sjdbGTFfile ./genome/gencode.v48.annotation.gtf

##### Final parameters after user input--------------------------------:
versionGenome                     2.7.0d
parametersFiles                   -   
sysShell                          -
runMode                           genomeGenerate
runThreadN                        4
runDirPerm                        User_RWX
runRNGseed                        777
genomeDir                         ./genome/STAR
genomeLoad                        NoSharedMemory
genomeFastaFiles                  ./genome/GRCh38.primary_assembly.genome.fa   
genomeChainFiles                  -   
genomeSAindexNbases               14
genomeChrBinNbits                 18
genomeSAsparseD                   1
genomeSuffixLengthMax             18446744073709551615
genomeFileSizes                   0   
genomeConsensusFile               -
readFilesType                     Fastx   
readFilesIn                       Read1   Read2   
readFilesPrefix                   -
readFilesCommand                  -   
readMatesLengthsIn                NotEqual
readMapNumber                     18446744073709551615
readNameSeparator                 /   
inputBAMfile                      -
bamRemoveDuplicatesType           -
bamRemoveDuplicatesMate2basesN    0
limitGenomeGenerateRAM            31000000000
limitIObufferSize                 150000000
limitOutSAMoneReadBytes           100000
limitOutSJcollapsed               1000000
limitOutSJoneRead                 1000
limitBAMsortRAM                   0
limitSjdbInsertNsj                1000000
limitNreadsSoft                   18446744073709551615
outFileNamePrefix                 ./
outTmpDir                         -
outTmpKeep                        None
outStd                            Log
outReadsUnmapped                  None
outQSconversionAdd                0
outMultimapperOrder               Old_2.4
outSAMtype                        SAM   
outSAMmode                        Full
outSAMstrandField                 None
outSAMattributes                  Standard   
outSAMunmapped                    None   
outSAMorder                       Paired
outSAMprimaryFlag                 OneBestScore
outSAMreadID                      Standard
outSAMmapqUnique                  255
outSAMflagOR                      0
outSAMflagAND                     65535
outSAMattrRGline                  -   
outSAMheaderHD                    -   
outSAMheaderPG                    -   
outSAMheaderCommentFile           -
outBAMcompression                 1
outBAMsortingThreadN              0
outBAMsortingBinsN                50
outSAMfilter                      None   
outSAMmultNmax                    18446744073709551615
outSAMattrIHstart                 1
outSAMtlen                        1
outSJfilterReads                  All
outSJfilterCountUniqueMin         3   1   1   1   
outSJfilterCountTotalMin          3   1   1   1   
outSJfilterOverhangMin            30   12   12   12   
outSJfilterDistToOtherSJmin       10   0   5   10   
outSJfilterIntronMaxVsReadN       50000   100000   200000   
outWigType                        None   
outWigStrand                      Stranded   
outWigReferencesPrefix            -
outWigNorm                        RPM   
outFilterType                     Normal
outFilterMultimapNmax             10
outFilterMultimapScoreRange       1
outFilterScoreMin                 0
outFilterScoreMinOverLread        0.66
outFilterMatchNmin                0
outFilterMatchNminOverLread       0.66
outFilterMismatchNmax             10
outFilterMismatchNoverLmax        0.3
outFilterMismatchNoverReadLmax    1
outFilterIntronMotifs             None
outFilterIntronStrands            RemoveInconsistentStrands
clip5pNbases                      0   
clip3pNbases                      0   
clip3pAfterAdapterNbases          0   
clip3pAdapterSeq                  -   
clip3pAdapterMMp                  0.1   
winBinNbits                       16
winAnchorDistNbins                9
winFlankNbins                     4
winAnchorMultimapNmax             50
winReadCoverageRelativeMin        0.5
winReadCoverageBasesMin           0
scoreGap                          0
scoreGapNoncan                    -8
scoreGapGCAG                      -4
scoreGapATAC                      -8
scoreStitchSJshift                1
scoreGenomicLengthLog2scale       -0.25
scoreDelBase                      -2
scoreDelOpen                      -2
scoreInsOpen                      -2
scoreInsBase                      -2
seedSearchLmax                    0
seedSearchStartLmax               50
seedSearchStartLmaxOverLread      1
seedPerReadNmax                   1000
seedPerWindowNmax                 50
seedNoneLociPerWindow             10
seedMultimapNmax                  10000
seedSplitMin                      12
alignIntronMin                    21
alignIntronMax                    0
alignMatesGapMax                  0
alignTranscriptsPerReadNmax       10000
alignSJoverhangMin                5
alignSJDBoverhangMin              3
alignSJstitchMismatchNmax         0   -1   0   0   
alignSplicedMateMapLmin           0
alignSplicedMateMapLminOverLmate    0.66
alignWindowsPerReadNmax           10000
alignTranscriptsPerWindowNmax     100
alignEndsType                     Local
alignSoftClipAtReferenceEnds      Yes
alignEndsProtrude                 0   ConcordantPair   
alignInsertionFlush               None
peOverlapNbasesMin                0
peOverlapMMp                      0.01
chimSegmentMin                    0
chimScoreMin                      0
chimScoreDropMax                  20
chimScoreSeparation               10
chimScoreJunctionNonGTAG          -1
chimMainSegmentMultNmax           10
chimJunctionOverhangMin           20
chimOutType                       Junctions   
chimFilter                        banGenomicN   
chimSegmentReadGapMax             0
chimMultimapNmax                  0
chimMultimapScoreRange            1
chimNonchimScoreDropMin           20
chimOutJunctionFormat             0   
sjdbFileChrStartEnd               -   
sjdbGTFfile                       ./genome/gencode.v48.annotation.gtf
sjdbGTFchrPrefix                  -
sjdbGTFfeatureExon                exon
sjdbGTFtagExonParentTranscript    transcript_id
sjdbGTFtagExonParentGene          gene_id
sjdbOverhang                      100
sjdbScore                         2
sjdbInsertSave                    Basic
varVCFfile                        -
waspOutputMode                    None
quantMode                         -   
quantTranscriptomeBAMcompression    1
quantTranscriptomeBan             IndelSoftclipSingleend
twopass1readsN                    18446744073709551615
twopassMode                       None
soloType                          None
soloCBstart                       1
soloUMIstart                      17
soloCBlen                         16
soloUMIlen                        10
soloBarcodeReadLength             1
soloCBwhitelist                   -
soloStrand                        Forward
soloOutFileNames                  Solo.out/   genes.tsv   barcodes.tsv   matrix.mtx   matrixSJ.mtx   
soloFeatures                      Gene   
soloUMIdedup                      1MM_All   
----------------------------------------

Finished loading and checking parameters
Jun 24 22:57:04 ... starting to generate Genome files
./genome/GRCh38.primary_assembly.genome.fa : chr # 0  "chr1" chrStart: 0
./genome/GRCh38.primary_assembly.genome.fa : chr # 1  "chr2" chrStart: 249036800
./genome/GRCh38.primary_assembly.genome.fa : chr # 2  "chr3" chrStart: 491257856
./genome/GRCh38.primary_assembly.genome.fa : chr # 3  "chr4" chrStart: 689700864
./genome/GRCh38.primary_assembly.genome.fa : chr # 4  "chr5" chrStart: 880017408
./genome/GRCh38.primary_assembly.genome.fa : chr # 5  "chr6" chrStart: 1061683200
./genome/GRCh38.primary_assembly.genome.fa : chr # 6  "chr7" chrStart: 1232601088
./genome/GRCh38.primary_assembly.genome.fa : chr # 7  "chr8" chrStart: 1391984640
./genome/GRCh38.primary_assembly.genome.fa : chr # 8  "chr9" chrStart: 1537212416
./genome/GRCh38.primary_assembly.genome.fa : chr # 9  "chr10" chrStart: 1675624448
./genome/GRCh38.primary_assembly.genome.fa : chr # 10  "chr11" chrStart: 1809580032
./genome/GRCh38.primary_assembly.genome.fa : chr # 11  "chr12" chrStart: 1944846336
./genome/GRCh38.primary_assembly.genome.fa : chr # 12  "chr13" chrStart: 2078277632
./genome/GRCh38.primary_assembly.genome.fa : chr # 13  "chr14" chrStart: 2192834560
./genome/GRCh38.primary_assembly.genome.fa : chr # 14  "chr15" chrStart: 2300051456
./genome/GRCh38.primary_assembly.genome.fa : chr # 15  "chr16" chrStart: 2402287616
./genome/GRCh38.primary_assembly.genome.fa : chr # 16  "chr17" chrStart: 2492727296
./genome/GRCh38.primary_assembly.genome.fa : chr # 17  "chr18" chrStart: 2576089088
./genome/GRCh38.primary_assembly.genome.fa : chr # 18  "chr19" chrStart: 2656567296
./genome/GRCh38.primary_assembly.genome.fa : chr # 19  "chr20" chrStart: 2715287552
./genome/GRCh38.primary_assembly.genome.fa : chr # 20  "chr21" chrStart: 2779774976
./genome/GRCh38.primary_assembly.genome.fa : chr # 21  "chr22" chrStart: 2826698752
./genome/GRCh38.primary_assembly.genome.fa : chr # 22  "chrX" chrStart: 2877554688
./genome/GRCh38.primary_assembly.genome.fa : chr # 23  "chrY" chrStart: 3033792512
./genome/GRCh38.primary_assembly.genome.fa : chr # 24  "chrM" chrStart: 3091202048
./genome/GRCh38.primary_assembly.genome.fa : chr # 25  "GL000008.2" chrStart: 3091464192
./genome/GRCh38.primary_assembly.genome.fa : chr # 26  "GL000009.2" chrStart: 3091726336
./genome/GRCh38.primary_assembly.genome.fa : chr # 27  "GL000194.1" chrStart: 3091988480
./genome/GRCh38.primary_assembly.genome.fa : chr # 28  "GL000195.1" chrStart: 3092250624
./genome/GRCh38.primary_assembly.genome.fa : chr # 29  "GL000205.2" chrStart: 3092512768
./genome/GRCh38.primary_assembly.genome.fa : chr # 30  "GL000208.1" chrStart: 3092774912
./genome/GRCh38.primary_assembly.genome.fa : chr # 31  "GL000213.1" chrStart: 3093037056
./genome/GRCh38.primary_assembly.genome.fa : chr # 32  "GL000214.1" chrStart: 3093299200
./genome/GRCh38.primary_assembly.genome.fa : chr # 33  "GL000216.2" chrStart: 3093561344
./genome/GRCh38.primary_assembly.genome.fa : chr # 34  "GL000218.1" chrStart: 3093823488
./genome/GRCh38.primary_assembly.genome.fa : chr # 35  "GL000219.1" chrStart: 3094085632
./genome/GRCh38.primary_assembly.genome.fa : chr # 36  "GL000220.1" chrStart: 3094347776
./genome/GRCh38.primary_assembly.genome.fa : chr # 37  "GL000221.1" chrStart: 3094609920
./genome/GRCh38.primary_assembly.genome.fa : chr # 38  "GL000224.1" chrStart: 3094872064
./genome/GRCh38.primary_assembly.genome.fa : chr # 39  "GL000225.1" chrStart: 3095134208
./genome/GRCh38.primary_assembly.genome.fa : chr # 40  "GL000226.1" chrStart: 3095396352
./genome/GRCh38.primary_assembly.genome.fa : chr # 41  "KI270302.1" chrStart: 3095658496
./genome/GRCh38.primary_assembly.genome.fa : chr # 42  "KI270303.1" chrStart: 3095920640
./genome/GRCh38.primary_assembly.genome.fa : chr # 43  "KI270304.1" chrStart: 3096182784
./genome/GRCh38.primary_assembly.genome.fa : chr # 44  "KI270305.1" chrStart: 3096444928
./genome/GRCh38.primary_assembly.genome.fa : chr # 45  "KI270310.1" chrStart: 3096707072
./genome/GRCh38.primary_assembly.genome.fa : chr # 46  "KI270311.1" chrStart: 3096969216
./genome/GRCh38.primary_assembly.genome.fa : chr # 47  "KI270312.1" chrStart: 3097231360
./genome/GRCh38.primary_assembly.genome.fa : chr # 48  "KI270315.1" chrStart: 3097493504
./genome/GRCh38.primary_assembly.genome.fa : chr # 49  "KI270316.1" chrStart: 3097755648
./genome/GRCh38.primary_assembly.genome.fa : chr # 50  "KI270317.1" chrStart: 3098017792
./genome/GRCh38.primary_assembly.genome.fa : chr # 51  "KI270320.1" chrStart: 3098279936
./genome/GRCh38.primary_assembly.genome.fa : chr # 52  "KI270322.1" chrStart: 3098542080
./genome/GRCh38.primary_assembly.genome.fa : chr # 53  "KI270329.1" chrStart: 3098804224
./genome/GRCh38.primary_assembly.genome.fa : chr # 54  "KI270330.1" chrStart: 3099066368
./genome/GRCh38.primary_assembly.genome.fa : chr # 55  "KI270333.1" chrStart: 3099328512
./genome/GRCh38.primary_assembly.genome.fa : chr # 56  "KI270334.1" chrStart: 3099590656
./genome/GRCh38.primary_assembly.genome.fa : chr # 57  "KI270335.1" chrStart: 3099852800
./genome/GRCh38.primary_assembly.genome.fa : chr # 58  "KI270336.1" chrStart: 3100114944
./genome/GRCh38.primary_assembly.genome.fa : chr # 59  "KI270337.1" chrStart: 3100377088
./genome/GRCh38.primary_assembly.genome.fa : chr # 60  "KI270338.1" chrStart: 3100639232
./genome/GRCh38.primary_assembly.genome.fa : chr # 61  "KI270340.1" chrStart: 3100901376
./genome/GRCh38.primary_assembly.genome.fa : chr # 62  "KI270362.1" chrStart: 3101163520
./genome/GRCh38.primary_assembly.genome.fa : chr # 63  "KI270363.1" chrStart: 3101425664
./genome/GRCh38.primary_assembly.genome.fa : chr # 64  "KI270364.1" chrStart: 3101687808
./genome/GRCh38.primary_assembly.genome.fa : chr # 65  "KI270366.1" chrStart: 3101949952
./genome/GRCh38.primary_assembly.genome.fa : chr # 66  "KI270371.1" chrStart: 3102212096
./genome/GRCh38.primary_assembly.genome.fa : chr # 67  "KI270372.1" chrStart: 3102474240
./genome/GRCh38.primary_assembly.genome.fa : chr # 68  "KI270373.1" chrStart: 3102736384
./genome/GRCh38.primary_assembly.genome.fa : chr # 69  "KI270374.1" chrStart: 3102998528
./genome/GRCh38.primary_assembly.genome.fa : chr # 70  "KI270375.1" chrStart: 3103260672
./genome/GRCh38.primary_assembly.genome.fa : chr # 71  "KI270376.1" chrStart: 3103522816
./genome/GRCh38.primary_assembly.genome.fa : chr # 72  "KI270378.1" chrStart: 3103784960
./genome/GRCh38.primary_assembly.genome.fa : chr # 73  "KI270379.1" chrStart: 3104047104
./genome/GRCh38.primary_assembly.genome.fa : chr # 74  "KI270381.1" chrStart: 3104309248
./genome/GRCh38.primary_assembly.genome.fa : chr # 75  "KI270382.1" chrStart: 3104571392
./genome/GRCh38.primary_assembly.genome.fa : chr # 76  "KI270383.1" chrStart: 3104833536
./genome/GRCh38.primary_assembly.genome.fa : chr # 77  "KI270384.1" chrStart: 3105095680
./genome/GRCh38.primary_assembly.genome.fa : chr # 78  "KI270385.1" chrStart: 3105357824
./genome/GRCh38.primary_assembly.genome.fa : chr # 79  "KI270386.1" chrStart: 3105619968
./genome/GRCh38.primary_assembly.genome.fa : chr # 80  "KI270387.1" chrStart: 3105882112
./genome/GRCh38.primary_assembly.genome.fa : chr # 81  "KI270388.1" chrStart: 3106144256
./genome/GRCh38.primary_assembly.genome.fa : chr # 82  "KI270389.1" chrStart: 3106406400
./genome/GRCh38.primary_assembly.genome.fa : chr # 83  "KI270390.1" chrStart: 3106668544
./genome/GRCh38.primary_assembly.genome.fa : chr # 84  "KI270391.1" chrStart: 3106930688
./genome/GRCh38.primary_assembly.genome.fa : chr # 85  "KI270392.1" chrStart: 3107192832
./genome/GRCh38.primary_assembly.genome.fa : chr # 86  "KI270393.1" chrStart: 3107454976
./genome/GRCh38.primary_assembly.genome.fa : chr # 87  "KI270394.1" chrStart: 3107717120
./genome/GRCh38.primary_assembly.genome.fa : chr # 88  "KI270395.1" chrStart: 3107979264
./genome/GRCh38.primary_assembly.genome.fa : chr # 89  "KI270396.1" chrStart: 3108241408
./genome/GRCh38.primary_assembly.genome.fa : chr # 90  "KI270411.1" chrStart: 3108503552
./genome/GRCh38.primary_assembly.genome.fa : chr # 91  "KI270412.1" chrStart: 3108765696
./genome/GRCh38.primary_assembly.genome.fa : chr # 92  "KI270414.1" chrStart: 3109027840
./genome/GRCh38.primary_assembly.genome.fa : chr # 93  "KI270417.1" chrStart: 3109289984
./genome/GRCh38.primary_assembly.genome.fa : chr # 94  "KI270418.1" chrStart: 3109552128
./genome/GRCh38.primary_assembly.genome.fa : chr # 95  "KI270419.1" chrStart: 3109814272
./genome/GRCh38.primary_assembly.genome.fa : chr # 96  "KI270420.1" chrStart: 3110076416
./genome/GRCh38.primary_assembly.genome.fa : chr # 97  "KI270422.1" chrStart: 3110338560
./genome/GRCh38.primary_assembly.genome.fa : chr # 98  "KI270423.1" chrStart: 3110600704
./genome/GRCh38.primary_assembly.genome.fa : chr # 99  "KI270424.1" chrStart: 3110862848
./genome/GRCh38.primary_assembly.genome.fa : chr # 100  "KI270425.1" chrStart: 3111124992
./genome/GRCh38.primary_assembly.genome.fa : chr # 101  "KI270429.1" chrStart: 3111387136
./genome/GRCh38.primary_assembly.genome.fa : chr # 102  "KI270435.1" chrStart: 3111649280
./genome/GRCh38.primary_assembly.genome.fa : chr # 103  "KI270438.1" chrStart: 3111911424
./genome/GRCh38.primary_assembly.genome.fa : chr # 104  "KI270442.1" chrStart: 3112173568
./genome/GRCh38.primary_assembly.genome.fa : chr # 105  "KI270448.1" chrStart: 3112697856
./genome/GRCh38.primary_assembly.genome.fa : chr # 106  "KI270465.1" chrStart: 3112960000
./genome/GRCh38.primary_assembly.genome.fa : chr # 107  "KI270466.1" chrStart: 3113222144
./genome/GRCh38.primary_assembly.genome.fa : chr # 108  "KI270467.1" chrStart: 3113484288
./genome/GRCh38.primary_assembly.genome.fa : chr # 109  "KI270468.1" chrStart: 3113746432
./genome/GRCh38.primary_assembly.genome.fa : chr # 110  "KI270507.1" chrStart: 3114008576
./genome/GRCh38.primary_assembly.genome.fa : chr # 111  "KI270508.1" chrStart: 3114270720
./genome/GRCh38.primary_assembly.genome.fa : chr # 112  "KI270509.1" chrStart: 3114532864
./genome/GRCh38.primary_assembly.genome.fa : chr # 113  "KI270510.1" chrStart: 3114795008
./genome/GRCh38.primary_assembly.genome.fa : chr # 114  "KI270511.1" chrStart: 3115057152
./genome/GRCh38.primary_assembly.genome.fa : chr # 115  "KI270512.1" chrStart: 3115319296
./genome/GRCh38.primary_assembly.genome.fa : chr # 116  "KI270515.1" chrStart: 3115581440
./genome/GRCh38.primary_assembly.genome.fa : chr # 117  "KI270516.1" chrStart: 3115843584
./genome/GRCh38.primary_assembly.genome.fa : chr # 118  "KI270517.1" chrStart: 3116105728
./genome/GRCh38.primary_assembly.genome.fa : chr # 119  "KI270518.1" chrStart: 3116367872
./genome/GRCh38.primary_assembly.genome.fa : chr # 120  "KI270519.1" chrStart: 3116630016
./genome/GRCh38.primary_assembly.genome.fa : chr # 121  "KI270521.1" chrStart: 3116892160
./genome/GRCh38.primary_assembly.genome.fa : chr # 122  "KI270522.1" chrStart: 3117154304
./genome/GRCh38.primary_assembly.genome.fa : chr # 123  "KI270528.1" chrStart: 3117416448
./genome/GRCh38.primary_assembly.genome.fa : chr # 124  "KI270529.1" chrStart: 3117678592
./genome/GRCh38.primary_assembly.genome.fa : chr # 125  "KI270530.1" chrStart: 3117940736
./genome/GRCh38.primary_assembly.genome.fa : chr # 126  "KI270538.1" chrStart: 3118202880
./genome/GRCh38.primary_assembly.genome.fa : chr # 127  "KI270539.1" chrStart: 3118465024
./genome/GRCh38.primary_assembly.genome.fa : chr # 128  "KI270544.1" chrStart: 3118727168
./genome/GRCh38.primary_assembly.genome.fa : chr # 129  "KI270548.1" chrStart: 3118989312
./genome/GRCh38.primary_assembly.genome.fa : chr # 130  "KI270579.1" chrStart: 3119251456
./genome/GRCh38.primary_assembly.genome.fa : chr # 131  "KI270580.1" chrStart: 3119513600
./genome/GRCh38.primary_assembly.genome.fa : chr # 132  "KI270581.1" chrStart: 3119775744
./genome/GRCh38.primary_assembly.genome.fa : chr # 133  "KI270582.1" chrStart: 3120037888
./genome/GRCh38.primary_assembly.genome.fa : chr # 134  "KI270583.1" chrStart: 3120300032
./genome/GRCh38.primary_assembly.genome.fa : chr # 135  "KI270584.1" chrStart: 3120562176
./genome/GRCh38.primary_assembly.genome.fa : chr # 136  "KI270587.1" chrStart: 3120824320
./genome/GRCh38.primary_assembly.genome.fa : chr # 137  "KI270588.1" chrStart: 3121086464
./genome/GRCh38.primary_assembly.genome.fa : chr # 138  "KI270589.1" chrStart: 3121348608
./genome/GRCh38.primary_assembly.genome.fa : chr # 139  "KI270590.1" chrStart: 3121610752
./genome/GRCh38.primary_assembly.genome.fa : chr # 140  "KI270591.1" chrStart: 3121872896
./genome/GRCh38.primary_assembly.genome.fa : chr # 141  "KI270593.1" chrStart: 3122135040
./genome/GRCh38.primary_assembly.genome.fa : chr # 142  "KI270706.1" chrStart: 3122397184
./genome/GRCh38.primary_assembly.genome.fa : chr # 143  "KI270707.1" chrStart: 3122659328
./genome/GRCh38.primary_assembly.genome.fa : chr # 144  "KI270708.1" chrStart: 3122921472
./genome/GRCh38.primary_assembly.genome.fa : chr # 145  "KI270709.1" chrStart: 3123183616
./genome/GRCh38.primary_assembly.genome.fa : chr # 146  "KI270710.1" chrStart: 3123445760
./genome/GRCh38.primary_assembly.genome.fa : chr # 147  "KI270711.1" chrStart: 3123707904
./genome/GRCh38.primary_assembly.genome.fa : chr # 148  "KI270712.1" chrStart: 3123970048
./genome/GRCh38.primary_assembly.genome.fa : chr # 149  "KI270713.1" chrStart: 3124232192
./genome/GRCh38.primary_assembly.genome.fa : chr # 150  "KI270714.1" chrStart: 3124494336
./genome/GRCh38.primary_assembly.genome.fa : chr # 151  "KI270715.1" chrStart: 3124756480
./genome/GRCh38.primary_assembly.genome.fa : chr # 152  "KI270716.1" chrStart: 3125018624
./genome/GRCh38.primary_assembly.genome.fa : chr # 153  "KI270717.1" chrStart: 3125280768
./genome/GRCh38.primary_assembly.genome.fa : chr # 154  "KI270718.1" chrStart: 3125542912
./genome/GRCh38.primary_assembly.genome.fa : chr # 155  "KI270719.1" chrStart: 3125805056
./genome/GRCh38.primary_assembly.genome.fa : chr # 156  "KI270720.1" chrStart: 3126067200
./genome/GRCh38.primary_assembly.genome.fa : chr # 157  "KI270721.1" chrStart: 3126329344
./genome/GRCh38.primary_assembly.genome.fa : chr # 158  "KI270722.1" chrStart: 3126591488
./genome/GRCh38.primary_assembly.genome.fa : chr # 159  "KI270723.1" chrStart: 3126853632
./genome/GRCh38.primary_assembly.genome.fa : chr # 160  "KI270724.1" chrStart: 3127115776
./genome/GRCh38.primary_assembly.genome.fa : chr # 161  "KI270725.1" chrStart: 3127377920
./genome/GRCh38.primary_assembly.genome.fa : chr # 162  "KI270726.1" chrStart: 3127640064
./genome/GRCh38.primary_assembly.genome.fa : chr # 163  "KI270727.1" chrStart: 3127902208
./genome/GRCh38.primary_assembly.genome.fa : chr # 164  "KI270728.1" chrStart: 3128426496
./genome/GRCh38.primary_assembly.genome.fa : chr # 165  "KI270729.1" chrStart: 3130523648
./genome/GRCh38.primary_assembly.genome.fa : chr # 166  "KI270730.1" chrStart: 3131047936
./genome/GRCh38.primary_assembly.genome.fa : chr # 167  "KI270731.1" chrStart: 3131310080
./genome/GRCh38.primary_assembly.genome.fa : chr # 168  "KI270732.1" chrStart: 3131572224
./genome/GRCh38.primary_assembly.genome.fa : chr # 169  "KI270733.1" chrStart: 3131834368
./genome/GRCh38.primary_assembly.genome.fa : chr # 170  "KI270734.1" chrStart: 3132096512
./genome/GRCh38.primary_assembly.genome.fa : chr # 171  "KI270735.1" chrStart: 3132358656
./genome/GRCh38.primary_assembly.genome.fa : chr # 172  "KI270736.1" chrStart: 3132620800
./genome/GRCh38.primary_assembly.genome.fa : chr # 173  "KI270737.1" chrStart: 3132882944
./genome/GRCh38.primary_assembly.genome.fa : chr # 174  "KI270738.1" chrStart: 3133145088
./genome/GRCh38.primary_assembly.genome.fa : chr # 175  "KI270739.1" chrStart: 3133407232
./genome/GRCh38.primary_assembly.genome.fa : chr # 176  "KI270740.1" chrStart: 3133669376
./genome/GRCh38.primary_assembly.genome.fa : chr # 177  "KI270741.1" chrStart: 3133931520
./genome/GRCh38.primary_assembly.genome.fa : chr # 178  "KI270742.1" chrStart: 3134193664
./genome/GRCh38.primary_assembly.genome.fa : chr # 179  "KI270743.1" chrStart: 3134455808
./genome/GRCh38.primary_assembly.genome.fa : chr # 180  "KI270744.1" chrStart: 3134717952
./genome/GRCh38.primary_assembly.genome.fa : chr # 181  "KI270745.1" chrStart: 3134980096
./genome/GRCh38.primary_assembly.genome.fa : chr # 182  "KI270746.1" chrStart: 3135242240
./genome/GRCh38.primary_assembly.genome.fa : chr # 183  "KI270747.1" chrStart: 3135504384
./genome/GRCh38.primary_assembly.genome.fa : chr # 184  "KI270748.1" chrStart: 3135766528
./genome/GRCh38.primary_assembly.genome.fa : chr # 185  "KI270749.1" chrStart: 3136028672
./genome/GRCh38.primary_assembly.genome.fa : chr # 186  "KI270750.1" chrStart: 3136290816
./genome/GRCh38.primary_assembly.genome.fa : chr # 187  "KI270751.1" chrStart: 3136552960
./genome/GRCh38.primary_assembly.genome.fa : chr # 188  "KI270752.1" chrStart: 3136815104
./genome/GRCh38.primary_assembly.genome.fa : chr # 189  "KI270753.1" chrStart: 3137077248
./genome/GRCh38.primary_assembly.genome.fa : chr # 190  "KI270754.1" chrStart: 3137339392
./genome/GRCh38.primary_assembly.genome.fa : chr # 191  "KI270755.1" chrStart: 3137601536
./genome/GRCh38.primary_assembly.genome.fa : chr # 192  "KI270756.1" chrStart: 3137863680
./genome/GRCh38.primary_assembly.genome.fa : chr # 193  "KI270757.1" chrStart: 3138125824
Estimated genome size=3339387968   3138387968   201000000
GstrandBit=32
Number of SA indices: 5897255510
Jun 24 22:57:31 ... starting to sort Suffix Array. This may take a long time...
Number of chunks: 14;   chunks size limit: 3708480608 bytes
Jun 24 22:57:39 ... sorting Suffix Array chunks and saving them to disk...
Writing 3670918216 bytes into ./genome/STAR/SA_3 ; empty space on disk = 740650782720 bytes ... done
Writing 3613522648 bytes into ./genome/STAR/SA_2 ; empty space on disk = 736946831360 bytes ... done
Writing 3553751048 bytes into ./genome/STAR/SA_1 ; empty space on disk = 733322821632 bytes ... done
Writing 3458920424 bytes into ./genome/STAR/SA_0 ; empty space on disk = 729728421888 bytes ... done
Writing 3645124064 bytes into ./genome/STAR/SA_5 ; empty space on disk = 725101088768 bytes ... done
Writing 3479371640 bytes into ./genome/STAR/SA_4 ; empty space on disk = 721440759808 bytes ... done
Writing 3671184408 bytes into ./genome/STAR/SA_7 ; empty space on disk = 717914718208 bytes ... done
Writing 3558201560 bytes into ./genome/STAR/SA_6 ; empty space on disk = 714099347456 bytes ... done
Writing 3691787528 bytes into ./genome/STAR/SA_8 ; empty space on disk = 709563080704 bytes ... done
Writing 3610189760 bytes into ./genome/STAR/SA_9 ; empty space on disk = 705818333184 bytes ... done
Writing 3633574008 bytes into ./genome/STAR/SA_11 ; empty space on disk = 702171701248 bytes ... done
Writing 726121360 bytes into ./genome/STAR/SA_13 ; empty space on disk = 698435620864 bytes ... done
Writing 3615952024 bytes into ./genome/STAR/SA_10 ; empty space on disk = 697698488320 bytes ... done
Writing 3249425392 bytes into ./genome/STAR/SA_12 ; empty space on disk = 693195214848 bytes ... done
Jun 24 23:26:43 ... loading chunks from disk, packing SA...
Jun 24 23:28:34 ... finished generating suffix array
Jun 24 23:28:34 ... generating Suffix Array index
Jun 24 23:31:20 ... completed Suffix Array index
Jun 24 23:31:20 ..... processing annotations GTF
Processing pGe.sjdbGTFfile=./genome/gencode.v48.annotation.gtf, found:
		385669 transcripts
		2155691 exons (non-collapsed)
		526983 collapsed junctions
Jun 24 23:31:33 ..... finished GTF processing
Jun 24 23:31:34   Loaded database junctions from the GTF file: ./genome/gencode.v48.annotation.gtf: 526983 total junctions

Jun 24 23:31:34   Finished preparing junctions
Jun 24 23:31:34 ..... inserting junctions into the genome indices
Jun 24 23:33:08   Finished SA search: number of new junctions=526957, old junctions=0
Jun 24 23:33:42   Finished sorting SA indicesL nInd=210782800
Genome size with junctions=3244306325  3138387968   105918357
GstrandBit1=32   GstrandBit=32
Jun 24 23:34:18   Finished inserting junction indices
Jun 24 23:34:41   Finished SAi
Jun 24 23:34:41 ..... finished inserting junctions into genome
Jun 24 23:34:41 ... writing Genome to disk ...
Writing 3244306325 bytes into ./genome/STAR/Genome ; empty space on disk = 736166645760 bytes ... done
SA size in bytes: 25195658032
Jun 24 23:34:42 ... writing Suffix Array to disk ...
Writing 25195658032 bytes into ./genome/STAR/SA ; empty space on disk = 732920504320 bytes ... done
Jun 24 23:34:57 ... writing SAindex to disk
Writing 8 bytes into ./genome/STAR/SAindex ; empty space on disk = 707708321792 bytes ... done
Writing 120 bytes into ./genome/STAR/SAindex ; empty space on disk = 707708321792 bytes ... done
Writing 1565873491 bytes into ./genome/STAR/SAindex ; empty space on disk = 707708321792 bytes ... done
Jun 24 23:35:01 ..... finished successfully
DONE: Genome generation, EXITING
